Start time : Tue Feb 16 10:55:12 CET 2021
Building DAG of jobs...
Using shell: /usr/bin/bash
Provided cluster nodes: 30
Singularity containers: ignored
Job counts:
	count	jobs
	1	PCA
	1	all
	2

[Tue Feb 16 10:55:14 2021]
Job 29: Plotting PCA


        plotPCA -in results/bigwigsummary/multiBigwigSummary.npz         -o results/PCA/PCA_PLOT.pdf         2>results/logs/bigwigsummary/PCA_PLOT.log
        
Submitted job 29 with external jobid '1937142'.
[Tue Feb 16 10:55:45 2021]
Finished job 29.
1 of 2 steps (50%) done

[Tue Feb 16 10:55:45 2021]
Job 0: Analysis is complete!

Submitted job 0 with external jobid '1937143'.
[Tue Feb 16 10:55:56 2021]
Finished job 0.
2 of 2 steps (100%) done
Complete log: /exports/humgen/Jianhui/pipeline_test/Snakemake_ATAC_2020/ATAC-seq_pipeline/.snakemake/log/2021-02-16T105513.301902.snakemake.log
End time : Tue Feb 16 10:56:06 CET 2021
